<?xml version="1.0" encoding="UTF-8"?>
<!-- Generated by org.testng.reporters.JUnitReportReporter -->
<testsuite name="com.mindstronghealth.demo.NegativeLogin" tests="1" time="0.719" ignored="0" failures="0" timestamp="03 Sep 2017 01:05:16 GMT" skipped="0" hostname="3PIO.local" errors="0">
  <testcase name="unregisteredEmail" time="0.719" classname="com.mindstronghealth.demo.NegativeLogin"/>
</testsuite> <!-- com.mindstronghealth.demo.NegativeLogin -->
