<?xml version="1.0" encoding="UTF-8"?>
<!-- Generated by org.testng.reporters.JUnitReportReporter -->
<testsuite name="com.mindstronghealth.demo.QAPosition" tests="1" time="1.961" ignored="0" failures="0" timestamp="05 Sep 2017 02:48:46 GMT" skipped="0" hostname="3PIO.local" errors="0">
  <testcase name="vacancy" time="1.961" classname="com.mindstronghealth.demo.QAPosition"/>
</testsuite> <!-- com.mindstronghealth.demo.QAPosition -->
