<?xml version="1.0" encoding="UTF-8"?>
<!-- Generated by org.testng.reporters.JUnitReportReporter -->
<testsuite name="com.mindstronghealth.demo.InvalidLogin" tests="2" time="1.753" ignored="0" failures="0" timestamp="05 Sep 2017 02:51:38 GMT" skipped="0" hostname="3PIO.local" errors="0">
  <testcase name="unregisteredEmail" time="0.373" classname="com.mindstronghealth.demo.InvalidLogin"/>
  <testcase name="emptyField" time="1.380" classname="com.mindstronghealth.demo.InvalidLogin"/>
</testsuite> <!-- com.mindstronghealth.demo.InvalidLogin -->
